<?xml version="1.0" encoding="UTF-8"?>
<coverage generated="1616687008698" clover="3.2.0">
  <project timestamp="1616687008698" name="All files">
    <metrics statements="21" coveredstatements="12" conditionals="0" coveredconditionals="0" methods="6" coveredmethods="5" elements="27" coveredelements="17" complexity="0" loc="21" ncloc="21" packages="1" files="4" classes="4"/>
    <file name="app.controller.ts" path="/Users/wanchai/test-nest/src/app.controller.ts">
      <metrics statements="8" coveredstatements="8" conditionals="0" coveredconditionals="0" methods="3" coveredmethods="3"/>
      <line num="1" count="1" type="stmt"/>
      <line num="2" count="1" type="stmt"/>
      <line num="5" count="1" type="stmt"/>
      <line num="6" count="2" type="stmt"/>
      <line num="9" count="1" type="stmt"/>
      <line num="10" count="1" type="stmt"/>
      <line num="14" count="1" type="stmt"/>
      <line num="15" count="1" type="stmt"/>
    </file>
    <file name="app.module.ts" path="/Users/wanchai/test-nest/src/app.module.ts">
      <metrics statements="4" coveredstatements="0" conditionals="0" coveredconditionals="0" methods="0" coveredmethods="0"/>
      <line num="1" count="0" type="stmt"/>
      <line num="2" count="0" type="stmt"/>
      <line num="3" count="0" type="stmt"/>
      <line num="10" count="0" type="stmt"/>
    </file>
    <file name="app.service.ts" path="/Users/wanchai/test-nest/src/app.service.ts">
      <metrics statements="4" coveredstatements="4" conditionals="0" coveredconditionals="0" methods="2" coveredmethods="2"/>
      <line num="1" count="1" type="stmt"/>
      <line num="4" count="1" type="stmt"/>
      <line num="6" count="1" type="stmt"/>
      <line num="10" count="1" type="stmt"/>
    </file>
    <file name="main.ts" path="/Users/wanchai/test-nest/src/main.ts">
      <metrics statements="5" coveredstatements="0" conditionals="0" coveredconditionals="0" methods="1" coveredmethods="0"/>
      <line num="1" count="0" type="stmt"/>
      <line num="2" count="0" type="stmt"/>
      <line num="5" count="0" type="stmt"/>
      <line num="6" count="0" type="stmt"/>
      <line num="8" count="0" type="stmt"/>
    </file>
  </project>
</coverage>
