TN:
SF:src/app.controller.ts
FN:6,(anonymous_4)
FN:9,(anonymous_5)
FN:14,(anonymous_6)
FN:19,(anonymous_7)
FN:27,(anonymous_8)
FNF:5
FNH:3
FNDA:12,(anonymous_4)
FNDA:1,(anonymous_5)
FNDA:1,(anonymous_6)
FNDA:0,(anonymous_7)
FNDA:0,(anonymous_8)
DA:1,3
DA:2,3
DA:5,3
DA:6,12
DA:9,3
DA:10,1
DA:14,3
DA:15,1
DA:19,3
DA:23,0
DA:27,3
DA:33,0
LF:12
LH:10
BRF:0
BRH:0
end_of_record
TN:
SF:src/app.module.ts
FN:30,(anonymous_1)
FNF:1
FNH:0
FNDA:0,(anonymous_1)
DA:1,2
DA:3,2
DA:5,2
DA:6,2
DA:7,2
DA:9,2
DA:10,2
DA:29,2
DA:31,0
LF:9
LH:8
BRF:0
BRH:0
end_of_record
TN:
SF:src/app.service.ts
FN:5,(anonymous_1)
FN:9,(anonymous_2)
FNF:2
FNH:2
FNDA:1,(anonymous_1)
FNDA:1,(anonymous_2)
DA:1,3
DA:4,3
DA:6,1
DA:10,1
LF:4
LH:4
BRF:0
BRH:0
end_of_record
TN:
SF:src/logger.middleware.ts
FN:6,(anonymous_1)
FN:12,logger
FNF:2
FNH:0
FNDA:0,(anonymous_1)
FNDA:0,logger
DA:1,2
DA:5,2
DA:7,0
DA:8,0
DA:12,2
DA:13,0
DA:14,0
LF:7
LH:3
BRF:0
BRH:0
end_of_record
TN:
SF:src/main.ts
FN:5,bootstrap
FNF:1
FNH:0
FNDA:0,bootstrap
DA:1,0
DA:2,0
DA:3,0
DA:6,0
DA:7,0
DA:8,0
DA:10,0
LF:7
LH:0
BRDA:8,0,0,0
BRDA:8,0,1,0
BRF:2
BRH:0
end_of_record
TN:
SF:src/movie/movie.controller.ts
FN:9,(anonymous_4)
FN:13,(anonymous_5)
FN:22,(anonymous_6)
FN:27,(anonymous_7)
FN:33,(anonymous_8)
FN:41,(anonymous_9)
FN:53,(anonymous_10)
FNF:7
FNH:7
FNDA:19,(anonymous_4)
FNDA:1,(anonymous_5)
FNDA:1,(anonymous_6)
FNDA:2,(anonymous_7)
FNDA:2,(anonymous_8)
FNDA:1,(anonymous_9)
FNDA:1,(anonymous_10)
DA:1,2
DA:3,2
DA:4,2
DA:5,2
DA:8,2
DA:9,19
DA:13,2
DA:14,1
DA:15,1
DA:16,1
DA:17,1
DA:18,1
DA:22,2
DA:23,1
DA:27,2
DA:28,2
DA:29,2
DA:33,2
DA:36,2
DA:37,2
DA:41,2
DA:45,1
DA:46,1
DA:47,1
DA:48,1
DA:49,1
DA:53,2
DA:54,1
DA:55,1
LF:29
LH:29
BRF:0
BRH:0
end_of_record
TN:
SF:src/movie/movie.create-movie.dto.ts
FNF:0
FNH:0
DA:1,2
LF:1
LH:1
BRF:0
BRH:0
end_of_record
TN:
SF:src/movie/movie.entity.ts
FNF:0
FNH:0
DA:1,2
DA:4,2
DA:6,2
DA:9,2
DA:12,2
DA:15,2
LF:6
LH:6
BRF:0
BRH:0
end_of_record
TN:
SF:src/movie/movie.module.ts
FNF:0
FNH:0
DA:1,2
DA:3,2
DA:6,2
DA:7,2
DA:8,2
DA:16,2
LF:6
LH:6
BRF:0
BRH:0
end_of_record
TN:
SF:src/movie/movie.service.ts
FN:8,(anonymous_4)
FN:13,(anonymous_5)
FN:17,(anonymous_6)
FN:26,(anonymous_7)
FN:35,(anonymous_8)
FN:39,(anonymous_9)
FNF:6
FNH:3
FNDA:20,(anonymous_4)
FNDA:0,(anonymous_5)
FNDA:1,(anonymous_6)
FNDA:0,(anonymous_7)
FNDA:0,(anonymous_8)
FNDA:1,(anonymous_9)
DA:1,2
DA:2,2
DA:3,2
DA:4,2
DA:7,2
DA:10,20
DA:14,0
DA:18,1
DA:19,1
DA:20,1
DA:22,0
DA:27,0
DA:28,0
DA:29,0
DA:31,0
DA:36,0
DA:40,1
DA:41,1
DA:42,0
DA:44,1
LF:20
LH:12
BRDA:19,0,0,1
BRDA:19,0,1,0
BRDA:28,1,0,0
BRDA:28,1,1,0
BRDA:41,2,0,0
BRDA:41,2,1,1
BRF:6
BRH:2
end_of_record
